TN:
SF:/home/tobermory/projects/learn-japanese/scripts/alphabet-letter-group.js
FN:4,(anonymous_0)
FN:5,AlphabetLetterGroup
FN:23,(anonymous_2)
FN:31,(anonymous_3)
FN:35,(anonymous_4)
FN:44,(anonymous_5)
FNF:6
FNH:6
FNDA:1,(anonymous_0)
FNDA:12,AlphabetLetterGroup
FNDA:3,(anonymous_2)
FNDA:2,(anonymous_3)
FNDA:3,(anonymous_4)
FNDA:3,(anonymous_5)
DA:1,1
DA:2,1
DA:4,1
DA:6,12
DA:7,10
DA:8,1
DA:11,9
DA:12,1
DA:16,10
DA:17,10
DA:20,1
DA:24,3
DA:25,1
DA:28,2
DA:32,2
DA:36,3
DA:37,1
DA:40,2
DA:41,2
DA:45,3
DA:49,1
DA:52,1
LF:22
LH:22
BRDA:6,0,0,10
BRDA:6,0,1,2
BRDA:7,1,0,1
BRDA:7,1,1,9
BRDA:11,2,0,1
BRDA:11,2,1,8
BRDA:16,3,0,10
BRDA:16,3,1,2
BRDA:24,4,0,1
BRDA:24,4,1,2
BRDA:36,5,0,1
BRDA:36,5,1,2
BRF:12
BRH:12
end_of_record
TN:
SF:/home/tobermory/projects/learn-japanese/scripts/alphabet-letter.js
FN:3,(anonymous_0)
FN:4,AlphabetLetter
FN:23,(anonymous_2)
FN:27,(anonymous_3)
FN:31,(anonymous_4)
FN:35,(anonymous_5)
FN:39,(anonymous_6)
FNF:7
FNH:7
FNDA:3,(anonymous_0)
FNDA:17,AlphabetLetter
FNDA:1,(anonymous_2)
FNDA:3,(anonymous_3)
FNDA:1,(anonymous_4)
FNDA:11,(anonymous_5)
FNDA:1,(anonymous_6)
DA:1,3
DA:3,3
DA:5,17
DA:6,4
DA:9,13
DA:10,1
DA:15,12
DA:16,12
DA:17,12
DA:20,3
DA:24,1
DA:28,3
DA:32,1
DA:36,11
DA:40,1
DA:44,3
DA:47,3
LF:17
LH:17
BRDA:5,0,0,4
BRDA:5,0,1,13
BRDA:5,1,0,17
BRDA:5,1,1,15
BRDA:9,2,0,1
BRDA:9,2,1,12
BRDA:9,3,0,13
BRDA:9,3,1,12
BRF:8
BRH:8
end_of_record
TN:
SF:/home/tobermory/projects/learn-japanese/scripts/alphabet-pronouncing.js
FN:4,(anonymous_0)
FN:5,AlphabetPronouncing
FN:30,(anonymous_2)
FNF:3
FNH:3
FNDA:1,(anonymous_0)
FNDA:8,AlphabetPronouncing
FNDA:4,(anonymous_2)
DA:1,1
DA:2,1
DA:4,1
DA:6,8
DA:7,8
DA:10,8
DA:11,8
DA:13,8
DA:14,2
DA:17,6
DA:19,6
DA:20,6
DA:27,1
DA:31,4
DA:33,1
DA:36,3
DA:37,1
DA:40,2
DA:60,1
DA:63,1
LF:20
LH:20
BRDA:13,0,0,2
BRDA:13,0,1,6
BRDA:31,1,0,1
BRDA:31,1,1,3
BRDA:36,2,0,1
BRDA:36,2,1,2
BRF:6
BRH:6
end_of_record
TN:
SF:/home/tobermory/projects/learn-japanese/scripts/alphabet.js
FN:6,(anonymous_0)
FN:12,Alphabet
FN:38,(anonymous_2)
FN:47,(anonymous_3)
FN:55,(anonymous_4)
FN:63,(anonymous_5)
FNF:6
FNH:0
FNDA:0,(anonymous_0)
FNDA:0,Alphabet
FNDA:0,(anonymous_2)
FNDA:0,(anonymous_3)
FNDA:0,(anonymous_4)
FNDA:0,(anonymous_5)
DA:1,0
DA:2,0
DA:3,0
DA:4,0
DA:6,0
DA:13,0
DA:14,0
DA:17,0
DA:18,0
DA:20,0
DA:21,0
DA:24,0
DA:25,0
DA:29,0
DA:30,0
DA:31,0
DA:32,0
DA:35,0
DA:39,0
DA:40,0
DA:43,0
DA:44,0
DA:48,0
DA:49,0
DA:52,0
DA:56,0
DA:57,0
DA:60,0
DA:64,0
DA:68,0
DA:71,0
LF:31
LH:0
BRDA:13,0,0,0
BRDA:13,0,1,0
BRDA:17,1,0,0
BRDA:17,1,1,0
BRDA:20,2,0,0
BRDA:20,2,1,0
BRDA:24,3,0,0
BRDA:24,3,1,0
BRDA:39,4,0,0
BRDA:39,4,1,0
BRDA:48,5,0,0
BRDA:48,5,1,0
BRDA:56,6,0,0
BRDA:56,6,1,0
BRF:14
BRH:0
end_of_record
TN:
SF:/home/tobermory/projects/learn-japanese/scripts/quiz.js
FN:4,(anonymous_0)
FN:16,initView
FN:24,updateView
FN:39,(anonymous_3)
FN:47,(anonymous_4)
FN:56,initDatabase
FN:70,getCompleteAmount
FN:85,isGroupComplete
FN:99,rollCurrentQuestion
FN:105,rollCurrentQuestionGroup
FN:109,shuffleOptions
FN:119,next
FN:120,(anonymous_12)
FN:134,Quiz
FN:144,(anonymous_14)
FN:149,(anonymous_15)
FN:159,(anonymous_16)
FNF:17
FNH:0
FNDA:0,(anonymous_0)
FNDA:0,initView
FNDA:0,updateView
FNDA:0,(anonymous_3)
FNDA:0,(anonymous_4)
FNDA:0,initDatabase
FNDA:0,getCompleteAmount
FNDA:0,isGroupComplete
FNDA:0,rollCurrentQuestion
FNDA:0,rollCurrentQuestionGroup
FNDA:0,shuffleOptions
FNDA:0,next
FNDA:0,(anonymous_12)
FNDA:0,Quiz
FNDA:0,(anonymous_14)
FNDA:0,(anonymous_15)
FNDA:0,(anonymous_16)
DA:1,0
DA:2,0
DA:4,0
DA:12,0
DA:13,0
DA:14,0
DA:17,0
DA:18,0
DA:19,0
DA:20,0
DA:21,0
DA:25,0
DA:26,0
DA:28,0
DA:29,0
DA:32,0
DA:33,0
DA:34,0
DA:36,0
DA:37,0
DA:39,0
DA:40,0
DA:42,0
DA:43,0
DA:45,0
DA:48,0
DA:52,0
DA:57,0
DA:58,0
DA:61,0
DA:62,0
DA:65,0
DA:66,0
DA:67,0
DA:71,0
DA:72,0
DA:74,0
DA:75,0
DA:76,0
DA:79,0
DA:82,0
DA:86,0
DA:87,0
DA:89,0
DA:90,0
DA:91,0
DA:96,0
DA:100,0
DA:106,0
DA:111,0
DA:112,0
DA:113,0
DA:114,0
DA:115,0
DA:120,0
DA:121,0
DA:122,0
DA:123,0
DA:124,0
DA:128,0
DA:129,0
DA:130,0
DA:135,0
DA:137,0
DA:138,0
DA:141,0
DA:145,0
DA:150,0
DA:151,0
DA:152,0
DA:153,0
DA:155,0
DA:156,0
DA:157,0
DA:159,0
DA:160,0
DA:161,0
DA:165,0
DA:169,0
DA:172,0
LF:80
LH:0
BRDA:25,0,0,0
BRDA:25,0,1,0
BRDA:57,1,0,0
BRDA:57,1,1,0
BRDA:61,2,0,0
BRDA:61,2,1,0
BRDA:75,3,0,0
BRDA:75,3,1,0
BRDA:90,4,0,0
BRDA:90,4,1,0
BRDA:121,5,0,0
BRDA:121,5,1,0
BRDA:123,6,0,0
BRDA:123,6,1,0
BRDA:150,7,0,0
BRDA:150,7,1,0
BRF:16
BRH:0
end_of_record
TN:
SF:/home/tobermory/projects/learn-japanese/scripts/utils.js
FN:1,(anonymous_0)
FN:2,Utils
FN:4,(anonymous_2)
FN:22,(anonymous_3)
FN:34,(anonymous_4)
FN:48,(anonymous_5)
FN:62,(anonymous_6)
FN:66,(anonymous_7)
FN:70,(anonymous_8)
FN:74,(anonymous_9)
FN:78,(anonymous_10)
FN:82,(anonymous_11)
FN:90,(anonymous_12)
FNF:13
FNH:13
FNDA:4,(anonymous_0)
FNDA:1,Utils
FNDA:18,(anonymous_2)
FNDA:37,(anonymous_3)
FNDA:11,(anonymous_4)
FNDA:6,(anonymous_5)
FNDA:72,(anonymous_6)
FNDA:8,(anonymous_7)
FNDA:24,(anonymous_8)
FNDA:148,(anonymous_9)
FNDA:32,(anonymous_10)
FNDA:2,(anonymous_11)
FNDA:12,(anonymous_12)
DA:1,4
DA:4,4
DA:5,18
DA:6,1
DA:9,17
DA:10,2
DA:13,15
DA:14,13
DA:16,2
DA:17,1
DA:22,4
DA:28,37
DA:34,4
DA:35,11
DA:36,1
DA:39,10
DA:40,2
DA:43,8
DA:48,4
DA:49,6
DA:50,1
DA:53,5
DA:54,2
DA:57,3
DA:58,2
DA:62,4
DA:63,72
DA:66,4
DA:67,8
DA:70,4
DA:71,24
DA:74,4
DA:75,148
DA:78,4
DA:79,32
DA:82,4
DA:83,2
DA:84,1
DA:87,1
DA:90,4
DA:91,12
DA:92,1
DA:95,11
DA:96,11
DA:98,11
DA:99,20
DA:100,2
DA:104,9
DA:107,4
DA:110,4
LF:50
LH:50
BRDA:5,0,0,1
BRDA:5,0,1,17
BRDA:9,1,0,2
BRDA:9,1,1,15
BRDA:9,2,0,17
BRDA:9,2,1,16
BRDA:13,3,0,13
BRDA:13,3,1,2
BRDA:16,4,0,1
BRDA:16,4,1,1
BRDA:28,5,0,37
BRDA:28,5,1,33
BRDA:28,5,2,33
BRDA:28,5,3,33
BRDA:35,6,0,1
BRDA:35,6,1,10
BRDA:39,7,0,2
BRDA:39,7,1,8
BRDA:39,8,0,10
BRDA:39,8,1,9
BRDA:43,9,0,8
BRDA:43,9,1,8
BRDA:43,9,2,8
BRDA:49,10,0,1
BRDA:49,10,1,5
BRDA:53,11,0,2
BRDA:53,11,1,3
BRDA:53,12,0,5
BRDA:53,12,1,4
BRDA:57,13,0,2
BRDA:57,13,1,1
BRDA:83,14,0,1
BRDA:83,14,1,1
BRDA:91,15,0,1
BRDA:91,15,1,11
BRDA:99,16,0,2
BRDA:99,16,1,18
BRF:37
BRH:37
end_of_record
